<?xml version="1.0" encoding="UTF-8"?>
<!-- Generated by org.testng.reporters.JUnitReportReporter -->
<testsuite hostname="Q3GN0170" name="com.eztrackit.testcases.Run_OrganizationSettingsTest" tests="2" failures="0" timestamp="11 Feb 2016 12:27:16 GMT" time="49.094" errors="0">
  <testcase name="testManageYourTeam" time="37.139" classname="com.eztrackit.testcases.Run_OrganizationSettingsTest"/>
  <testcase name="testCarrierSettings" time="11.955" classname="com.eztrackit.testcases.Run_OrganizationSettingsTest"/>
</testsuite> <!-- com.eztrackit.testcases.Run_OrganizationSettingsTest -->
