<?xml version="1.0" encoding="UTF-8"?>
<!-- Generated by org.testng.reporters.JUnitReportReporter -->
<testsuite hostname="Q3GN0170" name="com.eztrackit.testcases.Run_CheckOutTest" tests="1" failures="0" timestamp="15 Feb 2016 09:41:00 GMT" time="42.254" errors="0">
  <testcase name="testEzCheckOut" time="42.254" classname="com.eztrackit.testcases.Run_CheckOutTest"/>
</testsuite> <!-- com.eztrackit.testcases.Run_CheckOutTest -->
