<?xml version="1.0" encoding="UTF-8"?>
<!-- Generated by org.testng.reporters.JUnitReportReporter -->
<testsuite hostname="Q3GN0170" name="com.eztrackit.testcases.Run_NewOrganizationTest" tests="1" failures="0" timestamp="1 Feb 2016 12:43:11 GMT" time="85.635" errors="0">
  <testcase name="testCreateNewOrganization" time="85.635" classname="com.eztrackit.testcases.Run_NewOrganizationTest"/>
</testsuite> <!-- com.eztrackit.testcases.Run_NewOrganizationTest -->
