<?xml version="1.0" encoding="UTF-8"?>
<!-- Generated by org.testng.reporters.JUnitReportReporter -->
<testsuite hostname="Q3GN0170" name="com.eztrackit.testcases.Run_HelpAndTrainingTest" tests="2" failures="0" timestamp="3 Feb 2016 13:43:23 GMT" time="61.996" errors="0">
  <testcase name="testTrainingMenu" time="29.249" classname="com.eztrackit.testcases.Run_HelpAndTrainingTest"/>
  <testcase name="testHelpMenu" time="32.747" classname="com.eztrackit.testcases.Run_HelpAndTrainingTest"/>
</testsuite> <!-- com.eztrackit.testcases.Run_HelpAndTrainingTest -->
