<?xml version="1.0" encoding="UTF-8"?>
<!-- Generated by org.testng.reporters.JUnitReportReporter -->
<testsuite skipped="0" hostname="DESKTOP-H56ODVN" name="com.tradeleaves.marketplace.testcases.supplierflow.Run_SupplierFlowTest" tests="2" failures="0" timestamp="27 Dec 2017 15:23:28 GMT" time="342.965" errors="0">
  <testcase name="Initialize" time="0.034" classname="com.tradeleaves.marketplace.testcases.supplierflow.Run_SupplierFlowTest"/>
  <testcase name="testSubscription" time="342.931" classname="com.tradeleaves.marketplace.testcases.supplierflow.Run_SupplierFlowTest"/>
</testsuite> <!-- com.tradeleaves.marketplace.testcases.supplierflow.Run_SupplierFlowTest -->
