<?xml version="1.0" encoding="UTF-8"?>
<!-- Generated by org.testng.reporters.JUnitReportReporter -->
<testsuite name="com.tradeleaves.marketplace.forgotpassword.testcase.Run_ForgotPasswordTest" tests="2" time="120.623" ignored="0" failures="0" timestamp="10 Apr 2017 11:08:21 GMT" skipped="0" hostname="TL04" errors="0">
  <testcase name="testForgotPassword" time="120.603" classname="com.tradeleaves.marketplace.forgotpassword.testcase.Run_ForgotPasswordTest"/>
  <testcase name="Initialize" time="0.020" classname="com.tradeleaves.marketplace.forgotpassword.testcase.Run_ForgotPasswordTest"/>
</testsuite> <!-- com.tradeleaves.marketplace.forgotpassword.testcase.Run_ForgotPasswordTest -->
