<?xml version="1.0" encoding="UTF-8"?>
<!-- Generated by org.testng.reporters.JUnitReportReporter -->
<testsuite name="com.tlmpautomation.testcases.Run_RegisterTest" tests="2" time="71.616" ignored="0" failures="0" timestamp="06 Jan 2017 11:23:23 GMT" skipped="0" hostname="TL04" errors="0">
  <testcase name="testRegister" time="71.595" classname="com.tlmpautomation.testcases.Run_RegisterTest"/>
  <testcase name="Initialize" time="0.021" classname="com.tlmpautomation.testcases.Run_RegisterTest"/>
</testsuite> <!-- com.tlmpautomation.testcases.Run_RegisterTest -->
