<?xml version="1.0" encoding="UTF-8"?>
<!-- Generated by org.testng.reporters.JUnitReportReporter -->
<testsuite name="com.tradeleaves.marketplace.testcases.signin.Run_SignInTest" tests="2" time="42.805" ignored="0" failures="0" timestamp="07 Jul 2017 14:14:49 GMT" skipped="0" hostname="TL04" errors="0">
  <testcase name="testLogin" time="42.801" classname="com.tradeleaves.marketplace.testcases.signin.Run_SignInTest"/>
  <testcase name="Initialize" time="0.004" classname="com.tradeleaves.marketplace.testcases.signin.Run_SignInTest"/>
</testsuite> <!-- com.tradeleaves.marketplace.testcases.signin.Run_SignInTest -->
