<?xml version="1.0" encoding="UTF-8"?>
<!-- Generated by org.testng.reporters.JUnitReportReporter -->
<testsuite skipped="2" hostname="TL12" name="com.tradeleaves.backoffice.testcases.companyverification.Run_CompanyVerificationTest" tests="2" failures="0" timestamp="18 Apr 2018 13:33:39 GMT" time="0.000" errors="0">
  <testcase name="Initialize" time="0.000" classname="com.tradeleaves.backoffice.testcases.companyverification.Run_CompanyVerificationTest">
    <skipped/>
  </testcase> <!-- Initialize -->
  <testcase name="testCompanyVerification" time="0.000" classname="com.tradeleaves.backoffice.testcases.companyverification.Run_CompanyVerificationTest">
    <skipped/>
  </testcase> <!-- testCompanyVerification -->
</testsuite> <!-- com.tradeleaves.backoffice.testcases.companyverification.Run_CompanyVerificationTest -->
