<?xml version="1.0" encoding="UTF-8"?>
<!-- Generated by org.testng.reporters.JUnitReportReporter -->
<testsuite skipped="0" hostname="TL12" name="com.tradeleaves.marketplace.testcases.uicheckonpages.Run_SupplierFlow" tests="2" failures="1" timestamp="02 Oct 2018 06:48:38 GMT" time="97.934" errors="0">
  <testcase name="Initialize" time="0.373" classname="com.tradeleaves.marketplace.testcases.uicheckonpages.Run_SupplierFlow"/>
  <testcase name="doUICheckforSupplierFlow" time="97.561" classname="com.tradeleaves.marketplace.testcases.uicheckonpages.Run_SupplierFlow">
    <failure type="com.applitools.eyes.NewTestException" message="&#039;TradeLeaves-Homepage-ServiceProviderInfoPage-BusinessInformation (1) Windows:8.1, 
2) Screen Resolution:1440x804)&#039; of &#039;TradeLeaves&#039;. Please approve the new baseline at https://eyes.applitools.com/app/batches/00000251863837887164/00000251863837887008?accountId=xvZVCPoNKEmAh5TyAQkreQ~~">
      <![CDATA[com.applitools.eyes.NewTestException: 'TradeLeaves-Homepage-ServiceProviderInfoPage-BusinessInformation (1) Windows:8.1, 
2) Screen Resolution:1440x804)' of 'TradeLeaves'. Please approve the new baseline at https://eyes.applitools.com/app/batches/00000251863837887164/00000251863837887008?accountId=xvZVCPoNKEmAh5TyAQkreQ~~
	at com.applitools.eyes.EyesBase.close(EyesBase.java:638)
	at com.applitools.eyes.EyesBase.close(EyesBase.java:561)
	at com.tradeleaves.marketplace.utility.Utility.KeywordDataExecution(Utility.java:597)
	at com.tradeleaves.marketplace.pages.SupplierFlow.doUICheckforSupplierFlow(SupplierFlow.java:20)
	at com.tradeleaves.marketplace.testcases.uicheckonpages.Run_SupplierFlow.doUICheckforSupplierFlow(Run_SupplierFlow.java:64)
	at sun.reflect.NativeMethodAccessorImpl.invoke0(Native Method)
	at sun.reflect.NativeMethodAccessorImpl.invoke(Unknown Source)
	at sun.reflect.DelegatingMethodAccessorImpl.invoke(Unknown Source)
	at java.lang.reflect.Method.invoke(Unknown Source)
	at org.testng.internal.MethodInvocationHelper.invokeMethod(MethodInvocationHelper.java:108)
	at org.testng.internal.Invoker.invokeMethod(Invoker.java:661)
	at org.testng.internal.Invoker.invokeTestMethod(Invoker.java:869)
	at org.testng.internal.Invoker.invokeTestMethods(Invoker.java:1193)
	at org.testng.internal.TestMethodWorker.invokeTestMethods(TestMethodWorker.java:126)
	at org.testng.internal.TestMethodWorker.run(TestMethodWorker.java:109)
	at org.testng.TestRunner.privateRun(TestRunner.java:744)
	at org.testng.TestRunner.run(TestRunner.java:602)
	at org.testng.SuiteRunner.runTest(SuiteRunner.java:380)
	at org.testng.SuiteRunner.runSequentially(SuiteRunner.java:375)
	at org.testng.SuiteRunner.privateRun(SuiteRunner.java:340)
	at org.testng.SuiteRunner.run(SuiteRunner.java:289)
	at org.testng.SuiteRunnerWorker.runSuite(SuiteRunnerWorker.java:52)
	at org.testng.SuiteRunnerWorker.run(SuiteRunnerWorker.java:86)
	at org.testng.TestNG.runSuitesSequentially(TestNG.java:1301)
	at org.testng.TestNG.runSuitesLocally(TestNG.java:1226)
	at org.testng.TestNG.runSuites(TestNG.java:1144)
	at org.testng.TestNG.run(TestNG.java:1115)
	at org.testng.remote.AbstractRemoteTestNG.run(AbstractRemoteTestNG.java:132)
	at org.testng.remote.RemoteTestNG.initAndRun(RemoteTestNG.java:230)
	at org.testng.remote.RemoteTestNG.main(RemoteTestNG.java:76)
]]>
    </failure>
  </testcase> <!-- doUICheckforSupplierFlow -->
</testsuite> <!-- com.tradeleaves.marketplace.testcases.uicheckonpages.Run_SupplierFlow -->
