<?xml version="1.0" encoding="UTF-8"?>
<!-- Generated by org.testng.reporters.JUnitReportReporter -->
<testsuite skipped="2" hostname="TL12" name="com.tradeleaves.backoffice.testcases.productverification.Run_ProductVerificationTest" tests="2" failures="0" timestamp="18 Apr 2018 13:33:39 GMT" time="0.000" errors="0">
  <testcase name="Initialize" time="0.000" classname="com.tradeleaves.backoffice.testcases.productverification.Run_ProductVerificationTest">
    <skipped/>
  </testcase> <!-- Initialize -->
  <testcase name="testProductVerification" time="0.000" classname="com.tradeleaves.backoffice.testcases.productverification.Run_ProductVerificationTest">
    <skipped/>
  </testcase> <!-- testProductVerification -->
</testsuite> <!-- com.tradeleaves.backoffice.testcases.productverification.Run_ProductVerificationTest -->
