<?xml version="1.0" encoding="UTF-8"?>
<!-- Generated by org.testng.reporters.JUnitReportReporter -->
<testsuite name="com.tlmpautomation.testcases.Run_SuccessTest" tests="2" time="0.357" ignored="0" failures="0" timestamp="21 Dec 2016 13:41:47 GMT" skipped="0" hostname="TL04" errors="0">
  <testcase name="testValidateSuccess" time="0.353" classname="com.tlmpautomation.testcases.Run_SuccessTest"/>
  <testcase name="Initialize" time="0.004" classname="com.tlmpautomation.testcases.Run_SuccessTest"/>
</testsuite> <!-- com.tlmpautomation.testcases.Run_SuccessTest -->
