<?xml version="1.0" encoding="UTF-8"?>
<!-- Generated by org.testng.reporters.JUnitReportReporter -->
<testsuite hostname="DESKTOP-H56ODVN" name="com.tradeleaves.marketplace.testcases.userregistration.Run_TestJenkins" tests="1" failures="0" timestamp="21 Dec 2017 13:25:01 GMT" time="0.008" errors="0">
  <testcase name="testjenkins" time="0.008" classname="com.tradeleaves.marketplace.testcases.userregistration.Run_TestJenkins"/>
</testsuite> <!-- com.tradeleaves.marketplace.testcases.userregistration.Run_TestJenkins -->
